c submit.pl: name:  caqe
c submit.pl: task:  152
c submit.pl: host:  c1n17
c submit.pl: start: Thu Feb  2 11:57:01 AM CET 2023
c submit.pl: commit: fc64fed
c submit.pl: additional args: --qdo
c submit.pl: executable: caqe
c Running job caqe with problem 4:hein_17_6x6-15.pg.qdimacs of name 4:hein_17_6x6-15.pg.qdimacs!
[runlim] host:			c1n17
[runlim] start:			Thu Feb  2 11:57:01 AM CET 2023
c CommonSolverConfig { filename: Some("4:hein_17_6x6-15.pg.qdimacs"), verbosity: Warn, statistics: None, specific: CaqeSpecificSolverConfig { options: SolverOptions { abstraction: AbstractionOptions { reuse_b_literals: Some(Partial), reuse_t_literals: Some(Partial), additional_t_literal_constraints: Some(Partial), additional_b_literal_constraints: false, equivalence_constraints: true, universal_reuse_b_literals: true, replace_t_literal_by_variable: true }, expansion: ExpansionOptions { expansion_refinement: Some(Full), dependency_schemes: false, conflict_clause_expansion: true, hamming_heuristics: false }, strong_unsat_refinement: false, refinement_literal_subsumption: false, miniscoping: true, build_conflict_clauses: false, flip_assignments_from_sat_solver: false, skip_levels: None }, qdimacs_output: true, preprocessor: None } }
Command exited with non-zero status 124
[runlim] real:			700.04 seconds
[runlim] time:			697.44 seconds
[runlim] space:			914320 KB
[runlim] status:		out
[runlim] end:			Thu Feb  2 12:08:41 PM CET 2023
[runlim] result:		124
[runlim] samples:		1
[runlim] load:			32.16
c submit.pl: exit status: 0
