c submit.pl: name:  caqe
c submit.pl: task:  28
c submit.pl: host:  c1n14
c submit.pl: start: Thu Feb  2 11:53:11 AM CET 2023
c submit.pl: commit: fc64fed
c submit.pl: additional args: --qdo
c submit.pl: executable: caqe
c Running job caqe with problem 12:hein_10_5x5-13.pg.qdimacs of name 12:hein_10_5x5-13.pg.qdimacs!
[runlim] host:			c1n14
[runlim] start:			Thu Feb  2 11:53:11 AM CET 2023
c CommonSolverConfig { filename: Some("12:hein_10_5x5-13.pg.qdimacs"), verbosity: Warn, statistics: None, specific: CaqeSpecificSolverConfig { options: SolverOptions { abstraction: AbstractionOptions { reuse_b_literals: Some(Partial), reuse_t_literals: Some(Partial), additional_t_literal_constraints: Some(Partial), additional_b_literal_constraints: false, equivalence_constraints: true, universal_reuse_b_literals: true, replace_t_literal_by_variable: true }, expansion: ExpansionOptions { expansion_refinement: Some(Full), dependency_schemes: false, conflict_clause_expansion: true, hamming_heuristics: false }, strong_unsat_refinement: false, refinement_literal_subsumption: false, miniscoping: true, build_conflict_clauses: false, flip_assignments_from_sat_solver: false, skip_levels: None }, qdimacs_output: true, preprocessor: None } }
s cnf 0 438 3631
V -1 0
V -2 0
V 3 0
V -4 0
V -5 0

c Unsatisfiable
Command exited with non-zero status 20
[runlim] real:			79.09 seconds
[runlim] time:			78.83 seconds
[runlim] space:			287596 KB
[runlim] status:		ok
[runlim] end:			Thu Feb  2 11:54:30 AM CET 2023
[runlim] result:		20
[runlim] samples:		1
[runlim] load:			32.02
c submit.pl: exit status: 0
